10:59:16.508 [main] INFO  org.testng.internal.Utils {36} - [Utils] MethodGroupsHelper.sortMethods() took 0 ms.
10:59:16.515 [main] INFO  org.testng.internal.Utils {36} - [Utils] MethodGroupsHelper.collectMethodsByGroup() took 0 ms.
10:59:16.516 [main] INFO  org.testng.internal.Utils {36} - [Utils] MethodGroupsHelper.sortMethods() took 0 ms.
10:59:16.516 [main] INFO  org.testng.internal.Utils {36} - [Utils] MethodGroupsHelper.collectMethodsByGroup() took 0 ms.
10:59:16.516 [main] INFO  org.testng.internal.Utils {36} - [Utils] MethodGroupsHelper.sortMethods() took 0 ms.
10:59:16.531 [main] INFO  org.testng.internal.Utils {36} - [TestNG] Running:
  C:\Users\CBZ\AppData\Local\Temp\testng-eclipse-927464079\testng-customsuite.xml

10:59:16.551 [main] INFO  org.testng.internal.Utils {36} - [Utils] DynamicGraphHelper.createDynamicGraph() took 6 ms.
10:59:16.735 [main] INFO  org.testng.internal.Utils {36} - [TestNG] Time taken by org.testng.reporters.jq.Main@3a1d593e: 69 ms
10:59:16.747 [main] INFO  org.testng.internal.Utils {36} - [TestNG] Time taken by org.testng.reporters.FailedReporter@7bf9b098: 12 ms
10:59:16.758 [main] INFO  org.testng.internal.Utils {36} - [TestNG] Time taken by org.testng.reporters.XMLReporter@5cc69cfe: 11 ms
10:59:16.768 [main] INFO  org.testng.internal.Utils {36} - [TestNG] Time taken by org.testng.reporters.EmailableReporter2@f19c9d2: 10 ms
10:59:16.774 [main] INFO  org.testng.internal.Utils {36} - [TestNG] Time taken by org.testng.reporters.JUnitReportReporter@4a067c25: 6 ms
10:59:16.774 [main] INFO  org.testng.internal.Utils {36} - [TestNG] Time taken by org.testng.internal.ExitCodeListener@a1217f9: 0 ms
10:59:55.902 [main] INFO  org.testng.internal.Utils {36} - [TestNG] Running:
  C:\Users\CBZ\eclipse-workspace\OpencartEcom\master.xml

11:01:44.950 [main] INFO  org.testng.internal.Utils {36} - [TestNG] Running:
  C:\Users\CBZ\eclipse-workspace\OpencartEcom\master.xml

11:01:49.201 [main] INFO  testCase.TC001_AccountRegistration {36} - TC001 Account registration loggin
11:01:49.823 [main] INFO  testCase.TC001_AccountRegistration {36} - Click on Registration
11:01:49.825 [main] INFO  testCase.TC001_AccountRegistration {36} - Providing customer detail logs 
11:01:51.126 [main] INFO  testCase.TC001_AccountRegistration {36} - Validating customer registration
11:01:51.178 [main] INFO  testCase.TC001_AccountRegistration {36} - Finish TC0011 signup with randomly genrate user
09:36:31.829 [main] INFO  org.testng.internal.Utils {36} - [TestNG] Running:
  C:\Users\CBZ\eclipse-workspace\OpencartEcom\master.xml

09:36:43.745 [main] INFO  testCase.TC002_LoginTest {36} - TC002 TEST CASE LOGIN START
09:40:54.769 [main] INFO  org.testng.internal.Utils {36} - [TestNG] Running:
  C:\Users\CBZ\eclipse-workspace\OpencartEcom\master.xml

09:40:58.816 [main] INFO  testCase.TC002_LoginTest {36} - TC002 TEST CASE LOGIN START
09:42:55.335 [main] INFO  org.testng.internal.Utils {36} - [TestNG] Running:
  C:\Users\CBZ\eclipse-workspace\OpencartEcom\master.xml

09:43:02.148 [main] INFO  testCase.TC002_LoginTest {36} - TC002 TEST CASE LOGIN START
09:43:04.206 [main] INFO  testCase.TC002_LoginTest {36} - TC002 TEST CASE LOGIN Finish
20:23:20.622 [main] INFO  org.testng.internal.Utils {36} - [TestNG] Running:
  C:\Users\CBZ\eclipse-workspace\OpencartEcom\master.xml

20:23:28.685 [main] INFO  testCase.TC003_LoginDDT {36} - Tc003 data driven test case 
20:23:30.528 [main] INFO  testCase.TC003_LoginDDT {36} - Tc003 data driven test case 
20:23:41.748 [main] INFO  testCase.TC003_LoginDDT {36} - Tc003 data driven test case 
12:31:36.677 [main] INFO  org.testng.internal.Utils {36} - [TestNG] Running:
  C:\Users\CBZ\eclipse-workspace\OpencartEcom\master.xml

12:31:48.410 [main] INFO  testCase.TC003_LoginDDT {36} - Tc003 data driven test case 
12:31:50.253 [main] INFO  testCase.TC003_LoginDDT {36} - Tc003 data driven test case 
12:32:01.376 [main] INFO  testCase.TC003_LoginDDT {36} - Tc003 data driven test case 
12:32:03.429 [main] INFO  testCase.TC003_LoginDDT {36} - Tc003 data driven test case 
12:32:14.632 [main] INFO  testCase.TC003_LoginDDT {36} - Tc003 data driven test case 
10:08:15.592 [main] INFO  org.testng.internal.Utils {36} - [TestNG] Running:
  C:\Users\CBZ\eclipse-workspace\OpencartEcom\grouping.xml

10:08:25.639 [main] INFO  testCase.TC001_AccountRegistration {36} - TC001 Account registration loggin
10:08:26.878 [main] INFO  testCase.TC001_AccountRegistration {36} - Click on Registration
10:08:26.882 [main] INFO  testCase.TC001_AccountRegistration {36} - Providing customer detail logs 
10:08:29.537 [main] INFO  testCase.TC001_AccountRegistration {36} - Validating customer registration
10:08:29.621 [main] INFO  testCase.TC001_AccountRegistration {36} - Finish TC0011 signup with randomly genrate user
10:08:33.164 [main] INFO  testCase.TC002_LoginTest {36} - TC002 TEST CASE LOGIN START
10:08:35.247 [main] INFO  testCase.TC002_LoginTest {36} - TC002 TEST CASE LOGIN Finish
